<?xml version="1.0" encoding="UTF-8"?>
<testsuite xmlns:xsi="http://www.w3.org/2001/XMLSchema-instance" xsi:noNamespaceSchemaLocation="https://maven.apache.org/surefire/maven-surefire-plugin/xsd/surefire-test-report-3.0.xsd" version="3.0" name="com.vibesort.SortTest" time="1.409" tests="3" errors="0" skipped="0" failures="0">
  <properties>
[...]
</properties>
  <testcase name="testBasicSort" classname="com.vibesort.SortTest" time="0.899"/>
  <testcase name="testSortWithCriteria" classname="com.vibesort.SortTest" time="0.489"/>
  <testcase name="testConstructor" classname="com.vibesort.SortTest" time="0.006"/>
</testsuite>